app/build/outputs/logs/manifest-merger-debug-report.txt
-- Merging decision tree log ---
manifest
ADDED from src\main\AndroidManifest.xml:2:1-90:12
INJECTED from src\main\AndroidManifest.xml:2:1-90:12
INJECTED from src\main\AndroidManifest.xml:2:1-90:12
INJECTED from src\main\AndroidManifest.xml:2:1-90:12
MERGED from [:zoomerWithKeys] AndroidManifest.xml:2:1-11:12
MERGED from [com.android.support:design:26.1.0] AndroidManifest.xml:17:1-31:12
MERGED from [com.android.support:appcompat-v7:26.1.0] AndroidManifest.xml:17:1-31:12
MERGED from [com.android.support.constraint:constraint-layout:1.0.2] AndroidManifest.xml:2:1-11:12
MERGED from [com.android.support:recyclerview-v7:26.1.0] AndroidManifest.xml:17:1-28:12
MERGED from [com.android.support:animated-vector-drawable:26.1.0] AndroidManifest.xml:17:1-28:12
MERGED from [com.android.support:support-vector-drawable:26.1.0] AndroidManifest.xml:17:1-28:12
MERGED from [com.android.support:transition:26.1.0] AndroidManifest.xml:17:1-28:12
MERGED from [com.android.support:support-v4:26.1.0] AndroidManifest.xml:17:1-31:12
MERGED from [com.android.support:support-fragment:26.1.0] AndroidManifest.xml:17:1-31:12
MERGED from [com.android.support:support-core-ui:26.1.0] AndroidManifest.xml:17:1-31:12
MERGED from [com.android.support:support-media-compat:26.1.0] AndroidManifest.xml:17:1-31:12
MERGED from [com.android.support:support-core-utils:26.1.0] AndroidManifest.xml:17:1-31:12
MERGED from [com.android.support:support-compat:26.1.0] AndroidManifest.xml:17:1-31:12
MERGED from [android.arch.lifecycle:runtime:1.0.0] AndroidManifest.xml:17:1-30:12
INJECTED from src\main\AndroidManifest.xml:2:1-90:12
INJECTED from src\main\AndroidManifest.xml:2:1-90:12
INJECTED from src\main\AndroidManifest.xml:2:1-90:12
	package
		ADDED from src\main\AndroidManifest.xml:3:5-33
		INJECTED from src\main\AndroidManifest.xml
		INJECTED from src\main\AndroidManifest.xml
	android:versionName
		ADDED from src\main\AndroidManifest.xml:5:5-32
		INJECTED from src\main\AndroidManifest.xml
		INJECTED from src\main\AndroidManifest.xml
	xmlns:android
		ADDED from src\main\AndroidManifest.xml:2:11-69
	android:versionCode
		ADDED from src\main\AndroidManifest.xml:4:5-29
		INJECTED from src\main\AndroidManifest.xml
		INJECTED from src\main\AndroidManifest.xml
uses-sdk
ADDED from src\main\AndroidManifest.xml:7:5-9:40
INJECTED from src\main\AndroidManifest.xml:7:5-9:40
INJECTED from src\main\AndroidManifest.xml:7:5-9:40
MERGED from [:zoomerWithKeys] AndroidManifest.xml:7:5-9:41
MERGED from [:zoomerWithKeys] AndroidManifest.xml:7:5-9:41
MERGED from [com.android.support:design:26.1.0] AndroidManifest.xml:21:5-23:62
MERGED from [com.android.support:design:26.1.0] AndroidManifest.xml:21:5-23:62
MERGED from [com.android.support:appcompat-v7:26.1.0] AndroidManifest.xml:21:5-23:78
MERGED from [com.android.support:appcompat-v7:26.1.0] AndroidManifest.xml:21:5-23:78
MERGED from [com.android.support.constraint:constraint-layout:1.0.2] AndroidManifest.xml:5:5-7:41
MERGED from [com.android.support.constraint:constraint-layout:1.0.2] AndroidManifest.xml:5:5-7:41
MERGED from [com.android.support:recyclerview-v7:26.1.0] AndroidManifest.xml:20:5-44
MERGED from [com.android.support:recyclerview-v7:26.1.0] AndroidManifest.xml:20:5-44
MERGED from [com.android.support:animated-vector-drawable:26.1.0] AndroidManifest.xml:20:5-44
MERGED from [com.android.support:animated-vector-drawable:26.1.0] AndroidManifest.xml:20:5-44
MERGED from [com.android.support:support-vector-drawable:26.1.0] AndroidManifest.xml:20:5-44
MERGED from [com.android.support:support-vector-drawable:26.1.0] AndroidManifest.xml:20:5-44
MERGED from [com.android.support:transition:26.1.0] AndroidManifest.xml:20:5-44
MERGED from [com.android.support:transition:26.1.0] AndroidManifest.xml:20:5-44
MERGED from [com.android.support:support-v4:26.1.0] AndroidManifest.xml:21:5-23:54
MERGED from [com.android.support:support-v4:26.1.0] AndroidManifest.xml:21:5-23:54
MERGED from [com.android.support:support-fragment:26.1.0] AndroidManifest.xml:21:5-23:60
MERGED from [com.android.support:support-fragment:26.1.0] AndroidManifest.xml:21:5-23:60
MERGED from [com.android.support:support-core-ui:26.1.0] AndroidManifest.xml:21:5-23:58
MERGED from [com.android.support:support-core-ui:26.1.0] AndroidManifest.xml:21:5-23:58
MERGED from [com.android.support:support-media-compat:26.1.0] AndroidManifest.xml:21:5-23:63
MERGED from [com.android.support:support-media-compat:26.1.0] AndroidManifest.xml:21:5-23:63
MERGED from [com.android.support:support-core-utils:26.1.0] AndroidManifest.xml:21:5-23:61
MERGED from [com.android.support:support-core-utils:26.1.0] AndroidManifest.xml:21:5-23:61
MERGED from [com.android.support:support-compat:26.1.0] AndroidManifest.xml:21:5-23:58
MERGED from [com.android.support:support-compat:26.1.0] AndroidManifest.xml:21:5-23:58
MERGED from [android.arch.lifecycle:runtime:1.0.0] AndroidManifest.xml:20:5-22:41
MERGED from [android.arch.lifecycle:runtime:1.0.0] AndroidManifest.xml:20:5-22:41
INJECTED from src\main\AndroidManifest.xml:7:5-9:40
INJECTED from src\main\AndroidManifest.xml:7:5-9:40
	tools:overrideLibrary
		ADDED from [com.android.support:design:26.1.0] AndroidManifest.xml:23:9-59
	android:targetSdkVersion
		ADDED from src\main\AndroidManifest.xml:9:9-37
		INJECTED from src\main\AndroidManifest.xml
		INJECTED from src\main\AndroidManifest.xml
	android:minSdkVersion
		ADDED from src\main\AndroidManifest.xml:8:9-34
		INJECTED from src\main\AndroidManifest.xml
		INJECTED from src\main\AndroidManifest.xml
uses-permission#android.permission.GET_TASKS
ADDED from src\main\AndroidManifest.xml:10:2-65
	android:name
		ADDED from src\main\AndroidManifest.xml:10:19-62
uses-permission#android.permission.INTERNET
ADDED from src\main\AndroidManifest.xml:11:5-67
	android:name
		ADDED from src\main\AndroidManifest.xml:11:22-64
uses-permission#android.permission.WRITE_EXTERNAL_STORAGE
ADDED from src\main\AndroidManifest.xml:12:5-81
	android:name
		ADDED from src\main\AndroidManifest.xml:12:22-78
supports-screens
ADDED from src\main\AndroidManifest.xml:14:5-51
	android:anyDensity
		ADDED from src\main\AndroidManifest.xml:14:23-48
permission#com.offsec.nhvnc.permission.OPEN_VNC_CONN
ADDED from src\main\AndroidManifest.xml:16:5-21:47
	android:label
		ADDED from src\main\AndroidManifest.xml:19:9-52
	android:protectionLevel
		ADDED from src\main\AndroidManifest.xml:21:9-44
	android:permissionGroup
		ADDED from src\main\AndroidManifest.xml:20:9-72
	android:description
		ADDED from src\main\AndroidManifest.xml:18:9-61
	android:name
		ADDED from src\main\AndroidManifest.xml:17:9-65
uses-permission#android.permission.READ_PHONE_STATE
ADDED from src\main\AndroidManifest.xml:23:5-75
	android:name
		ADDED from src\main\AndroidManifest.xml:23:22-72
uses-permission#android.permission.READ_EXTERNAL_STORAGE
ADDED from src\main\AndroidManifest.xml:24:5-80
	android:name
		ADDED from src\main\AndroidManifest.xml:24:22-77
application
ADDED from src\main\AndroidManifest.xml:26:5-88:19
MERGED from [com.android.support:design:26.1.0] AndroidManifest.xml:25:5-29:19
MERGED from [com.android.support:design:26.1.0] AndroidManifest.xml:25:5-29:19
MERGED from [com.android.support:appcompat-v7:26.1.0] AndroidManifest.xml:25:5-29:19
MERGED from [com.android.support:appcompat-v7:26.1.0] AndroidManifest.xml:25:5-29:19
MERGED from [com.android.support.constraint:constraint-layout:1.0.2] AndroidManifest.xml:9:5-20
MERGED from [com.android.support.constraint:constraint-layout:1.0.2] AndroidManifest.xml:9:5-20
MERGED from [com.android.support:recyclerview-v7:26.1.0] AndroidManifest.xml:22:5-26:19
MERGED from [com.android.support:recyclerview-v7:26.1.0] AndroidManifest.xml:22:5-26:19
MERGED from [com.android.support:animated-vector-drawable:26.1.0] AndroidManifest.xml:22:5-26:19
MERGED from [com.android.support:animated-vector-drawable:26.1.0] AndroidManifest.xml:22:5-26:19
MERGED from [com.android.support:support-vector-drawable:26.1.0] AndroidManifest.xml:22:5-26:19
MERGED from [com.android.support:support-vector-drawable:26.1.0] AndroidManifest.xml:22:5-26:19
MERGED from [com.android.support:transition:26.1.0] AndroidManifest.xml:22:5-26:19
MERGED from [com.android.support:transition:26.1.0] AndroidManifest.xml:22:5-26:19
MERGED from [com.android.support:support-v4:26.1.0] AndroidManifest.xml:25:5-29:19
MERGED from [com.android.support:support-v4:26.1.0] AndroidManifest.xml:25:5-29:19
MERGED from [com.android.support:support-fragment:26.1.0] AndroidManifest.xml:25:5-29:19
MERGED from [com.android.support:support-fragment:26.1.0] AndroidManifest.xml:25:5-29:19
MERGED from [com.android.support:support-core-ui:26.1.0] AndroidManifest.xml:25:5-29:19
MERGED from [com.android.support:support-core-ui:26.1.0] AndroidManifest.xml:25:5-29:19
MERGED from [com.android.support:support-media-compat:26.1.0] AndroidManifest.xml:25:5-29:19
MERGED from [com.android.support:support-media-compat:26.1.0] AndroidManifest.xml:25:5-29:19
MERGED from [com.android.support:support-core-utils:26.1.0] AndroidManifest.xml:25:5-29:19
MERGED from [com.android.support:support-core-utils:26.1.0] AndroidManifest.xml:25:5-29:19
MERGED from [com.android.support:support-compat:26.1.0] AndroidManifest.xml:25:5-29:19
MERGED from [com.android.support:support-compat:26.1.0] AndroidManifest.xml:25:5-29:19
MERGED from [android.arch.lifecycle:runtime:1.0.0] AndroidManifest.xml:24:5-28:19
MERGED from [android.arch.lifecycle:runtime:1.0.0] AndroidManifest.xml:24:5-28:19
	android:label
		ADDED from src\main\AndroidManifest.xml:29:3-35
	android:icon
		ADDED from src\main\AndroidManifest.xml:27:9-38
	android:theme
		ADDED from src\main\AndroidManifest.xml:28:9-40
activity#android.androidVNC.androidVNC
ADDED from src\main\AndroidManifest.xml:30:9-33:68
	android:screenOrientation
		ADDED from src\main\AndroidManifest.xml:33:13-56
	android:label
		ADDED from src\main\AndroidManifest.xml:32:13-45
	android:name
		ADDED from src\main\AndroidManifest.xml:31:13-39
activity#android.androidVNC.VncCanvasActivity
ADDED from src\main\AndroidManifest.xml:34:9-48:20
	android:screenOrientation
		ADDED from src\main\AndroidManifest.xml:37:13-56
	android:configChanges
		ADDED from src\main\AndroidManifest.xml:36:13-63
	android:name
		ADDED from src\main\AndroidManifest.xml:35:13-46
intent-filter#android.intent.action.VIEW
ADDED from src\main\AndroidManifest.xml:38:13-40:29
action#android.intent.action.VIEW
ADDED from src\main\AndroidManifest.xml:39:17-69
	android:name
		ADDED from src\main\AndroidManifest.xml:39:25-66
intent-filter#android.intent.action.VIEW+android.intent.category.DEFAULT
ADDED from src\main\AndroidManifest.xml:41:13-47:29
category#android.intent.category.DEFAULT
ADDED from src\main\AndroidManifest.xml:44:17-76
	android:name
		ADDED from src\main\AndroidManifest.xml:44:27-73
data
ADDED from src\main\AndroidManifest.xml:46:17-46
	android:scheme
		ADDED from src\main\AndroidManifest.xml:46:23-43
activity#android.androidVNC.ConnectionListActivity
ADDED from src\main\AndroidManifest.xml:49:9-57:20
	android:label
		ADDED from src\main\AndroidManifest.xml:51:13-51
	android:name
		ADDED from src\main\AndroidManifest.xml:50:13-51
intent-filter#android.intent.action.CREATE_SHORTCUT+android.intent.category.DEFAULT
ADDED from src\main\AndroidManifest.xml:52:13-56:29
action#android.intent.action.CREATE_SHORTCUT
ADDED from src\main\AndroidManifest.xml:53:17-80
	android:name
		ADDED from src\main\AndroidManifest.xml:53:25-77
activity#android.androidVNC.arlip.Demo2Activity
ADDED from src\main\AndroidManifest.xml:58:9-60:20
	android:name
		ADDED from src\main\AndroidManifest.xml:59:13-48
activity#android.androidVNC.ui.SplashScreenActivity
ADDED from src\main\AndroidManifest.xml:62:3-71:20
	android:screenOrientation
		ADDED from src\main\AndroidManifest.xml:65:13-49
	android:label
		ADDED from src\main\AndroidManifest.xml:64:13-45
	android:name
		ADDED from src\main\AndroidManifest.xml:63:13-52
intent-filter#android.intent.action.MAIN+android.intent.category.LAUNCHER
ADDED from src\main\AndroidManifest.xml:66:13-70:29
action#android.intent.action.MAIN
ADDED from src\main\AndroidManifest.xml:67:17-69
	android:name
		ADDED from src\main\AndroidManifest.xml:67:25-66
category#android.intent.category.LAUNCHER
ADDED from src\main\AndroidManifest.xml:69:17-77
	android:name
		ADDED from src\main\AndroidManifest.xml:69:27-74
activity#android.androidVNC.arlip.AskQuestionActivity
ADDED from src\main\AndroidManifest.xml:72:9-72
	android:name
		ADDED from src\main\AndroidManifest.xml:72:19-60
activity#android.androidVNC.ui.ControlPhoneActivity
ADDED from src\main\AndroidManifest.xml:73:3-80:20
	android:name
		ADDED from src\main\AndroidManifest.xml:73:13-52
intent-filter#android.intent.action.MAIN+android.intent.category.DEFAULT+android.intent.category.HOME
ADDED from src\main\AndroidManifest.xml:74:13-79:29
category#android.intent.category.HOME
ADDED from src\main\AndroidManifest.xml:77:17-73
	android:name
		ADDED from src\main\AndroidManifest.xml:77:27-70
activity#android.androidVNC.ui.MainActivity
ADDED from src\main\AndroidManifest.xml:81:3-57
	android:name
		ADDED from src\main\AndroidManifest.xml:81:13-44
service#android.androidVNC.service.ControlService
ADDED from src\main\AndroidManifest.xml:83:9-59
	android:name
		ADDED from src\main\AndroidManifest.xml:83:18-56
activity#android.androidVNC.ui.ChatActivity
ADDED from src\main\AndroidManifest.xml:85:9-53
	android:name
		ADDED from src\main\AndroidManifest.xml:85:19-50
activity#android.androidVNC.ui.QuestionsActivity
ADDED from src\main\AndroidManifest.xml:86:9-58
	android:name
		ADDED from src\main\AndroidManifest.xml:86:19-55
activity#android.androidVNC.ui.HomeActivity
ADDED from src\main\AndroidManifest.xml:87:9-53
	android:name
		ADDED from src\main\AndroidManifest.xml:87:19-50
meta-data#android.support.VERSION
ADDED from [com.android.support:design:26.1.0] AndroidManifest.xml:26:9-28:38
MERGED from [com.android.support:appcompat-v7:26.1.0] AndroidManifest.xml:26:9-28:38
MERGED from [com.android.support:appcompat-v7:26.1.0] AndroidManifest.xml:26:9-28:38
MERGED from [com.android.support:recyclerview-v7:26.1.0] AndroidManifest.xml:23:9-25:38
MERGED from [com.android.support:recyclerview-v7:26.1.0] AndroidManifest.xml:23:9-25:38
MERGED from [com.android.support:animated-vector-drawable:26.1.0] AndroidManifest.xml:23:9-25:38
MERGED from [com.android.support:animated-vector-drawable:26.1.0] AndroidManifest.xml:23:9-25:38
MERGED from [com.android.support:support-vector-drawable:26.1.0] AndroidManifest.xml:23:9-25:38
MERGED from [com.android.support:support-vector-drawable:26.1.0] AndroidManifest.xml:23:9-25:38
MERGED from [com.android.support:transition:26.1.0] AndroidManifest.xml:23:9-25:38
MERGED from [com.android.support:transition:26.1.0] AndroidManifest.xml:23:9-25:38
MERGED from [com.android.support:support-v4:26.1.0] AndroidManifest.xml:26:9-28:38
MERGED from [com.android.support:support-v4:26.1.0] AndroidManifest.xml:26:9-28:38
MERGED from [com.android.support:support-fragment:26.1.0] AndroidManifest.xml:26:9-28:38
MERGED from [com.android.support:support-fragment:26.1.0] AndroidManifest.xml:26:9-28:38
MERGED from [com.android.support:support-core-ui:26.1.0] AndroidManifest.xml:26:9-28:38
MERGED from [com.android.support:support-core-ui:26.1.0] AndroidManifest.xml:26:9-28:38
MERGED from [com.android.support:support-media-compat:26.1.0] AndroidManifest.xml:26:9-28:38
MERGED from [com.android.support:support-media-compat:26.1.0] AndroidManifest.xml:26:9-28:38
MERGED from [com.android.support:support-core-utils:26.1.0] AndroidManifest.xml:26:9-28:38
MERGED from [com.android.support:support-core-utils:26.1.0] AndroidManifest.xml:26:9-28:38
MERGED from [com.android.support:support-compat:26.1.0] AndroidManifest.xml:26:9-28:38
MERGED from [com.android.support:support-compat:26.1.0] AndroidManifest.xml:26:9-28:38
	android:value
		ADDED from [com.android.support:design:26.1.0] AndroidManifest.xml:28:13-35
	android:name
		ADDED from [com.android.support:design:26.1.0] AndroidManifest.xml:27:13-51
meta-data#android.arch.lifecycle.VERSION
ADDED from [android.arch.lifecycle:runtime:1.0.0] AndroidManifest.xml:25:9-27:47
	android:value
		ADDED from [android.arch.lifecycle:runtime:1.0.0] AndroidManifest.xml:27:13-44
	android:name
		ADDED from [android.arch.lifecycle:runtime:1.0.0] AndroidManifest.xml:26:13-58